<?xml version="1.0" encoding="UTF-8"?>
<!-- Generated by org.testng.reporters.JUnitXMLReporter -->
<testsuite hostname="MT-C02FQ37DMD6M" failures="0" tests="3" name="Test" time="5.054" errors="0" timestamp="10 Dec 2022 14:11:12 GMT">
  <testcase classname="tests.PostPricePolicy" name="postPricePolicy" time="1.884"/>
  <testcase classname="tests.PostPricePolicy" name="postPricePolicyOldDate" time="0.795"/>
  <testcase classname="tests.GetFlight" name="testGetFlights" time="1.168"/>
</testsuite> <!-- Test -->
