<?xml version="1.0" encoding="UTF-8"?>
<!-- Generated by org.testng.reporters.JUnitXMLReporter -->
<testsuite hostname="MT-C02FQ37DMD6M" failures="0" tests="3" name="Test" time="5.316" errors="0" timestamp="10 Dec 2022 20:38:11 GMT">
  <testcase classname="tests.PostPricePolicy" name="postPricePolicy" time="2.127"/>
  <testcase classname="tests.PostPricePolicy" name="postPricePolicyOldDate" time="0.892"/>
  <testcase classname="tests.GetFlight" name="testGetFlights" time="1.087"/>
</testsuite> <!-- Test -->
